0 info it worked if it ends with ok
1 verbose cli [ '/usr/local/bin/node',
1 verbose cli   '/usr/local/bin/npm',
1 verbose cli   'run',
1 verbose cli   'patternlab:serve',
1 verbose cli   '--',
1 verbose cli   '--theme=avtgov' ]
2 info using npm@3.10.10
3 info using node@v6.11.2
4 verbose run-script [ 'prepatternlab:serve',
4 verbose run-script   'patternlab:serve',
4 verbose run-script   'postpatternlab:serve' ]
5 info lifecycle edition-node-grunt@1.1.0~prepatternlab:serve: edition-node-grunt@1.1.0
6 silly lifecycle edition-node-grunt@1.1.0~prepatternlab:serve: no script for prepatternlab:serve, continuing
7 info lifecycle edition-node-grunt@1.1.0~patternlab:serve: edition-node-grunt@1.1.0
8 verbose lifecycle edition-node-grunt@1.1.0~patternlab:serve: unsafe-perm in lifecycle true
9 verbose lifecycle edition-node-grunt@1.1.0~patternlab:serve: PATH: /usr/local/lib/node_modules/npm/bin/node-gyp-bin:/Users/ali.khazaie/Documents/actgov-patternlab/node_modules/.bin:/usr/local/bin:/usr/bin:/bin:/usr/sbin:/sbin
10 verbose lifecycle edition-node-grunt@1.1.0~patternlab:serve: CWD: /Users/ali.khazaie/Documents/actgov-patternlab
11 silly lifecycle edition-node-grunt@1.1.0~patternlab:serve: Args: [ '-c', 'grunt patternlab:serve "--theme=avtgov"' ]
12 silly lifecycle edition-node-grunt@1.1.0~patternlab:serve: Returned: code: 6  signal: null
13 info lifecycle edition-node-grunt@1.1.0~patternlab:serve: Failed to exec patternlab:serve script
14 verbose stack Error: edition-node-grunt@1.1.0 patternlab:serve: `grunt patternlab:serve "--theme=avtgov"`
14 verbose stack Exit status 6
14 verbose stack     at EventEmitter.<anonymous> (/usr/local/lib/node_modules/npm/lib/utils/lifecycle.js:255:16)
14 verbose stack     at emitTwo (events.js:106:13)
14 verbose stack     at EventEmitter.emit (events.js:191:7)
14 verbose stack     at ChildProcess.<anonymous> (/usr/local/lib/node_modules/npm/lib/utils/spawn.js:40:14)
14 verbose stack     at emitTwo (events.js:106:13)
14 verbose stack     at ChildProcess.emit (events.js:191:7)
14 verbose stack     at maybeClose (internal/child_process.js:891:16)
14 verbose stack     at Process.ChildProcess._handle.onexit (internal/child_process.js:226:5)
15 verbose pkgid edition-node-grunt@1.1.0
16 verbose cwd /Users/ali.khazaie/Documents/actgov-patternlab
17 error Darwin 16.7.0
18 error argv "/usr/local/bin/node" "/usr/local/bin/npm" "run" "patternlab:serve" "--" "--theme=avtgov"
19 error node v6.11.2
20 error npm  v3.10.10
21 error code ELIFECYCLE
22 error edition-node-grunt@1.1.0 patternlab:serve: `grunt patternlab:serve "--theme=avtgov"`
22 error Exit status 6
23 error Failed at the edition-node-grunt@1.1.0 patternlab:serve script 'grunt patternlab:serve "--theme=avtgov"'.
23 error Make sure you have the latest version of node.js and npm installed.
23 error If you do, this is most likely a problem with the edition-node-grunt package,
23 error not with npm itself.
23 error Tell the author that this fails on your system:
23 error     grunt patternlab:serve "--theme=avtgov"
23 error You can get information on how to open an issue for this project with:
23 error     npm bugs edition-node-grunt
23 error Or if that isn't available, you can get their info via:
23 error     npm owner ls edition-node-grunt
23 error There is likely additional logging output above.
24 verbose exit [ 1, true ]
